<?xml version="1.0" encoding="UTF-8"?>
<!-- Generated by org.testng.reporters.JUnitReportReporter -->
<testsuite skipped="0" hostname="ADMINRG-SVK6FI4" name="maven.mavenexample.TC001" tests="1" failures="0" timestamp="16 May 2018 09:42:35 GMT" time="4.768" errors="0">
  <testcase name="customerLogin" time="4.768" classname="maven.mavenexample.TC001"/>
</testsuite> <!-- maven.mavenexample.TC001 -->
